/Users/sabareesh/Library/Python/3.9/lib/python/site-packages/urllib3/__init__.py:35: NotOpenSSLWarning: urllib3 v2 only supports OpenSSL 1.1.1+, currently the 'ssl' module is compiled with 'LibreSSL 2.8.3'. See: https://github.com/urllib3/urllib3/issues/3020
  warnings.warn(
INFO:     Started server process [80697]
INFO:     Waiting for application startup.
INFO:     Application startup complete.
INFO:     Uvicorn running on http://127.0.0.1:8005 (Press CTRL+C to quit)
INFO:     127.0.0.1:55190 - "GET /news HTTP/1.1" 200 OK
INFO:     127.0.0.1:55190 - "GET /news HTTP/1.1" 200 OK
INFO:     127.0.0.1:55192 - "OPTIONS /items/42 HTTP/1.1" 200 OK
INFO:     127.0.0.1:55192 - "PATCH /items/42 HTTP/1.1" 200 OK
INFO:     127.0.0.1:55192 - "OPTIONS /feedback HTTP/1.1" 200 OK
INFO:     127.0.0.1:55231 - "POST /feedback HTTP/1.1" 500 Internal Server Error
ERROR:    Exception in ASGI application
Traceback (most recent call last):
  File "/Users/sabareesh/Library/Python/3.9/lib/python/site-packages/sqlalchemy/engine/base.py", line 1967, in _exec_single_context
    self.dialect.do_execute(
  File "/Users/sabareesh/Library/Python/3.9/lib/python/site-packages/sqlalchemy/engine/default.py", line 951, in do_execute
    cursor.execute(statement, parameters)
sqlite3.IntegrityError: NOT NULL constraint failed: feedback.news_item_id

The above exception was the direct cause of the following exception:

Traceback (most recent call last):
  File "/Users/sabareesh/Library/Python/3.9/lib/python/site-packages/uvicorn/protocols/http/h11_impl.py", line 403, in run_asgi
    result = await app(  # type: ignore[func-returns-value]
  File "/Users/sabareesh/Library/Python/3.9/lib/python/site-packages/uvicorn/middleware/proxy_headers.py", line 60, in __call__
    return await self.app(scope, receive, send)
  File "/Users/sabareesh/Library/Python/3.9/lib/python/site-packages/fastapi/applications.py", line 1139, in __call__
    await super().__call__(scope, receive, send)
  File "/Users/sabareesh/Library/Python/3.9/lib/python/site-packages/starlette/applications.py", line 113, in __call__
    await self.middleware_stack(scope, receive, send)
  File "/Users/sabareesh/Library/Python/3.9/lib/python/site-packages/starlette/middleware/errors.py", line 186, in __call__
    raise exc
  File "/Users/sabareesh/Library/Python/3.9/lib/python/site-packages/starlette/middleware/errors.py", line 164, in __call__
    await self.app(scope, receive, _send)
  File "/Users/sabareesh/Library/Python/3.9/lib/python/site-packages/starlette/middleware/cors.py", line 93, in __call__
    await self.simple_response(scope, receive, send, request_headers=headers)
  File "/Users/sabareesh/Library/Python/3.9/lib/python/site-packages/starlette/middleware/cors.py", line 144, in simple_response
    await self.app(scope, receive, send)
  File "/Users/sabareesh/Library/Python/3.9/lib/python/site-packages/starlette/middleware/exceptions.py", line 63, in __call__
    await wrap_app_handling_exceptions(self.app, conn)(scope, receive, send)
  File "/Users/sabareesh/Library/Python/3.9/lib/python/site-packages/starlette/_exception_handler.py", line 53, in wrapped_app
    raise exc
  File "/Users/sabareesh/Library/Python/3.9/lib/python/site-packages/starlette/_exception_handler.py", line 42, in wrapped_app
    await app(scope, receive, sender)
  File "/Users/sabareesh/Library/Python/3.9/lib/python/site-packages/fastapi/middleware/asyncexitstack.py", line 18, in __call__
    await self.app(scope, receive, send)
  File "/Users/sabareesh/Library/Python/3.9/lib/python/site-packages/starlette/routing.py", line 716, in __call__
    await self.middleware_stack(scope, receive, send)
  File "/Users/sabareesh/Library/Python/3.9/lib/python/site-packages/starlette/routing.py", line 736, in app
    await route.handle(scope, receive, send)
  File "/Users/sabareesh/Library/Python/3.9/lib/python/site-packages/starlette/routing.py", line 290, in handle
    await self.app(scope, receive, send)
  File "/Users/sabareesh/Library/Python/3.9/lib/python/site-packages/fastapi/routing.py", line 119, in app
    await wrap_app_handling_exceptions(app, request)(scope, receive, send)
  File "/Users/sabareesh/Library/Python/3.9/lib/python/site-packages/starlette/_exception_handler.py", line 53, in wrapped_app
    raise exc
  File "/Users/sabareesh/Library/Python/3.9/lib/python/site-packages/starlette/_exception_handler.py", line 42, in wrapped_app
    await app(scope, receive, sender)
  File "/Users/sabareesh/Library/Python/3.9/lib/python/site-packages/fastapi/routing.py", line 105, in app
    response = await f(request)
  File "/Users/sabareesh/Library/Python/3.9/lib/python/site-packages/fastapi/routing.py", line 385, in app
    raw_response = await run_endpoint_function(
  File "/Users/sabareesh/Library/Python/3.9/lib/python/site-packages/fastapi/routing.py", line 286, in run_endpoint_function
    return await run_in_threadpool(dependant.call, **values)
  File "/Users/sabareesh/Library/Python/3.9/lib/python/site-packages/starlette/concurrency.py", line 38, in run_in_threadpool
    return await anyio.to_thread.run_sync(func)
  File "/Users/sabareesh/Library/Python/3.9/lib/python/site-packages/anyio/to_thread.py", line 61, in run_sync
    return await get_async_backend().run_sync_in_worker_thread(
  File "/Users/sabareesh/Library/Python/3.9/lib/python/site-packages/anyio/_backends/_asyncio.py", line 2525, in run_sync_in_worker_thread
    return await future
  File "/Users/sabareesh/Library/Python/3.9/lib/python/site-packages/anyio/_backends/_asyncio.py", line 986, in run
    result = context.run(func, *args)
  File "/Users/sabareesh/.gemini/antigravity/playground/ecliptic-meteoroid/backend/main.py", line 122, in submit_feedback
    session.commit()
  File "/Users/sabareesh/Library/Python/3.9/lib/python/site-packages/sqlalchemy/orm/session.py", line 2030, in commit
    trans.commit(_to_root=True)
  File "<string>", line 2, in commit
  File "/Users/sabareesh/Library/Python/3.9/lib/python/site-packages/sqlalchemy/orm/state_changes.py", line 137, in _go
    ret_value = fn(self, *arg, **kw)
  File "/Users/sabareesh/Library/Python/3.9/lib/python/site-packages/sqlalchemy/orm/session.py", line 1311, in commit
    self._prepare_impl()
  File "<string>", line 2, in _prepare_impl
  File "/Users/sabareesh/Library/Python/3.9/lib/python/site-packages/sqlalchemy/orm/state_changes.py", line 137, in _go
    ret_value = fn(self, *arg, **kw)
  File "/Users/sabareesh/Library/Python/3.9/lib/python/site-packages/sqlalchemy/orm/session.py", line 1286, in _prepare_impl
    self.session.flush()
  File "/Users/sabareesh/Library/Python/3.9/lib/python/site-packages/sqlalchemy/orm/session.py", line 4331, in flush
    self._flush(objects)
  File "/Users/sabareesh/Library/Python/3.9/lib/python/site-packages/sqlalchemy/orm/session.py", line 4467, in _flush
    transaction.rollback(_capture_exception=True)
  File "/Users/sabareesh/Library/Python/3.9/lib/python/site-packages/sqlalchemy/util/langhelpers.py", line 224, in __exit__
    raise exc_value.with_traceback(exc_tb)
  File "/Users/sabareesh/Library/Python/3.9/lib/python/site-packages/sqlalchemy/orm/session.py", line 4427, in _flush
    flush_context.execute()
  File "/Users/sabareesh/Library/Python/3.9/lib/python/site-packages/sqlalchemy/orm/unitofwork.py", line 466, in execute
    rec.execute(self)
  File "/Users/sabareesh/Library/Python/3.9/lib/python/site-packages/sqlalchemy/orm/unitofwork.py", line 642, in execute
    util.preloaded.orm_persistence.save_obj(
  File "/Users/sabareesh/Library/Python/3.9/lib/python/site-packages/sqlalchemy/orm/persistence.py", line 93, in save_obj
    _emit_insert_statements(
  File "/Users/sabareesh/Library/Python/3.9/lib/python/site-packages/sqlalchemy/orm/persistence.py", line 1233, in _emit_insert_statements
    result = connection.execute(
  File "/Users/sabareesh/Library/Python/3.9/lib/python/site-packages/sqlalchemy/engine/base.py", line 1419, in execute
    return meth(
  File "/Users/sabareesh/Library/Python/3.9/lib/python/site-packages/sqlalchemy/sql/elements.py", line 526, in _execute_on_connection
    return connection._execute_clauseelement(
  File "/Users/sabareesh/Library/Python/3.9/lib/python/site-packages/sqlalchemy/engine/base.py", line 1641, in _execute_clauseelement
    ret = self._execute_context(
  File "/Users/sabareesh/Library/Python/3.9/lib/python/site-packages/sqlalchemy/engine/base.py", line 1846, in _execute_context
    return self._exec_single_context(
  File "/Users/sabareesh/Library/Python/3.9/lib/python/site-packages/sqlalchemy/engine/base.py", line 1986, in _exec_single_context
    self._handle_dbapi_exception(
  File "/Users/sabareesh/Library/Python/3.9/lib/python/site-packages/sqlalchemy/engine/base.py", line 2355, in _handle_dbapi_exception
    raise sqlalchemy_exception.with_traceback(exc_info[2]) from e
  File "/Users/sabareesh/Library/Python/3.9/lib/python/site-packages/sqlalchemy/engine/base.py", line 1967, in _exec_single_context
    self.dialect.do_execute(
  File "/Users/sabareesh/Library/Python/3.9/lib/python/site-packages/sqlalchemy/engine/default.py", line 951, in do_execute
    cursor.execute(statement, parameters)
sqlalchemy.exc.IntegrityError: (sqlite3.IntegrityError) NOT NULL constraint failed: feedback.news_item_id
[SQL: INSERT INTO feedback (news_item_id, liked, created_at) VALUES (?, ?, ?)]
[parameters: (None, None, '2025-12-06 18:34:15.559753')]
(Background on this error at: https://sqlalche.me/e/20/gkpj)
INFO:     127.0.0.1:55278 - "GET /stats?impact=All HTTP/1.1" 200 OK
INFO:     127.0.0.1:55278 - "GET /stats?impact=All HTTP/1.1" 200 OK
INFO:     127.0.0.1:55278 - "GET /stats?impact=High HTTP/1.1" 200 OK
INFO:     127.0.0.1:55278 - "GET /stats?impact=All HTTP/1.1" 200 OK
INFO:     127.0.0.1:55278 - "GET /stats?impact=High HTTP/1.1" 200 OK
INFO:     127.0.0.1:55278 - "GET /stats?impact=Medium HTTP/1.1" 200 OK
INFO:     127.0.0.1:55278 - "GET /stats?impact=Low HTTP/1.1" 200 OK
INFO:     127.0.0.1:55278 - "GET /stats?impact=All HTTP/1.1" 200 OK
INFO:     127.0.0.1:55309 - "PATCH /items/42 HTTP/1.1" 200 OK
INFO:     127.0.0.1:55309 - "POST /feedback HTTP/1.1" 500 Internal Server Error
ERROR:    Exception in ASGI application
Traceback (most recent call last):
  File "/Users/sabareesh/Library/Python/3.9/lib/python/site-packages/sqlalchemy/engine/base.py", line 1967, in _exec_single_context
    self.dialect.do_execute(
  File "/Users/sabareesh/Library/Python/3.9/lib/python/site-packages/sqlalchemy/engine/default.py", line 951, in do_execute
    cursor.execute(statement, parameters)
sqlite3.IntegrityError: NOT NULL constraint failed: feedback.news_item_id

The above exception was the direct cause of the following exception:

Traceback (most recent call last):
  File "/Users/sabareesh/Library/Python/3.9/lib/python/site-packages/uvicorn/protocols/http/h11_impl.py", line 403, in run_asgi
    result = await app(  # type: ignore[func-returns-value]
  File "/Users/sabareesh/Library/Python/3.9/lib/python/site-packages/uvicorn/middleware/proxy_headers.py", line 60, in __call__
    return await self.app(scope, receive, send)
  File "/Users/sabareesh/Library/Python/3.9/lib/python/site-packages/fastapi/applications.py", line 1139, in __call__
    await super().__call__(scope, receive, send)
  File "/Users/sabareesh/Library/Python/3.9/lib/python/site-packages/starlette/applications.py", line 113, in __call__
    await self.middleware_stack(scope, receive, send)
  File "/Users/sabareesh/Library/Python/3.9/lib/python/site-packages/starlette/middleware/errors.py", line 186, in __call__
    raise exc
  File "/Users/sabareesh/Library/Python/3.9/lib/python/site-packages/starlette/middleware/errors.py", line 164, in __call__
    await self.app(scope, receive, _send)
  File "/Users/sabareesh/Library/Python/3.9/lib/python/site-packages/starlette/middleware/cors.py", line 93, in __call__
    await self.simple_response(scope, receive, send, request_headers=headers)
  File "/Users/sabareesh/Library/Python/3.9/lib/python/site-packages/starlette/middleware/cors.py", line 144, in simple_response
    await self.app(scope, receive, send)
  File "/Users/sabareesh/Library/Python/3.9/lib/python/site-packages/starlette/middleware/exceptions.py", line 63, in __call__
    await wrap_app_handling_exceptions(self.app, conn)(scope, receive, send)
  File "/Users/sabareesh/Library/Python/3.9/lib/python/site-packages/starlette/_exception_handler.py", line 53, in wrapped_app
    raise exc
  File "/Users/sabareesh/Library/Python/3.9/lib/python/site-packages/starlette/_exception_handler.py", line 42, in wrapped_app
    await app(scope, receive, sender)
  File "/Users/sabareesh/Library/Python/3.9/lib/python/site-packages/fastapi/middleware/asyncexitstack.py", line 18, in __call__
    await self.app(scope, receive, send)
  File "/Users/sabareesh/Library/Python/3.9/lib/python/site-packages/starlette/routing.py", line 716, in __call__
    await self.middleware_stack(scope, receive, send)
  File "/Users/sabareesh/Library/Python/3.9/lib/python/site-packages/starlette/routing.py", line 736, in app
    await route.handle(scope, receive, send)
  File "/Users/sabareesh/Library/Python/3.9/lib/python/site-packages/starlette/routing.py", line 290, in handle
    await self.app(scope, receive, send)
  File "/Users/sabareesh/Library/Python/3.9/lib/python/site-packages/fastapi/routing.py", line 119, in app
    await wrap_app_handling_exceptions(app, request)(scope, receive, send)
  File "/Users/sabareesh/Library/Python/3.9/lib/python/site-packages/starlette/_exception_handler.py", line 53, in wrapped_app
    raise exc
  File "/Users/sabareesh/Library/Python/3.9/lib/python/site-packages/starlette/_exception_handler.py", line 42, in wrapped_app
    await app(scope, receive, sender)
  File "/Users/sabareesh/Library/Python/3.9/lib/python/site-packages/fastapi/routing.py", line 105, in app
    response = await f(request)
  File "/Users/sabareesh/Library/Python/3.9/lib/python/site-packages/fastapi/routing.py", line 385, in app
    raw_response = await run_endpoint_function(
  File "/Users/sabareesh/Library/Python/3.9/lib/python/site-packages/fastapi/routing.py", line 286, in run_endpoint_function
    return await run_in_threadpool(dependant.call, **values)
  File "/Users/sabareesh/Library/Python/3.9/lib/python/site-packages/starlette/concurrency.py", line 38, in run_in_threadpool
    return await anyio.to_thread.run_sync(func)
  File "/Users/sabareesh/Library/Python/3.9/lib/python/site-packages/anyio/to_thread.py", line 61, in run_sync
    return await get_async_backend().run_sync_in_worker_thread(
  File "/Users/sabareesh/Library/Python/3.9/lib/python/site-packages/anyio/_backends/_asyncio.py", line 2525, in run_sync_in_worker_thread
    return await future
  File "/Users/sabareesh/Library/Python/3.9/lib/python/site-packages/anyio/_backends/_asyncio.py", line 986, in run
    result = context.run(func, *args)
  File "/Users/sabareesh/.gemini/antigravity/playground/ecliptic-meteoroid/backend/main.py", line 122, in submit_feedback
    session.commit()
  File "/Users/sabareesh/Library/Python/3.9/lib/python/site-packages/sqlalchemy/orm/session.py", line 2030, in commit
    trans.commit(_to_root=True)
  File "<string>", line 2, in commit
  File "/Users/sabareesh/Library/Python/3.9/lib/python/site-packages/sqlalchemy/orm/state_changes.py", line 137, in _go
    ret_value = fn(self, *arg, **kw)
  File "/Users/sabareesh/Library/Python/3.9/lib/python/site-packages/sqlalchemy/orm/session.py", line 1311, in commit
    self._prepare_impl()
  File "<string>", line 2, in _prepare_impl
  File "/Users/sabareesh/Library/Python/3.9/lib/python/site-packages/sqlalchemy/orm/state_changes.py", line 137, in _go
    ret_value = fn(self, *arg, **kw)
  File "/Users/sabareesh/Library/Python/3.9/lib/python/site-packages/sqlalchemy/orm/session.py", line 1286, in _prepare_impl
    self.session.flush()
  File "/Users/sabareesh/Library/Python/3.9/lib/python/site-packages/sqlalchemy/orm/session.py", line 4331, in flush
    self._flush(objects)
  File "/Users/sabareesh/Library/Python/3.9/lib/python/site-packages/sqlalchemy/orm/session.py", line 4467, in _flush
    transaction.rollback(_capture_exception=True)
  File "/Users/sabareesh/Library/Python/3.9/lib/python/site-packages/sqlalchemy/util/langhelpers.py", line 224, in __exit__
    raise exc_value.with_traceback(exc_tb)
  File "/Users/sabareesh/Library/Python/3.9/lib/python/site-packages/sqlalchemy/orm/session.py", line 4427, in _flush
    flush_context.execute()
  File "/Users/sabareesh/Library/Python/3.9/lib/python/site-packages/sqlalchemy/orm/unitofwork.py", line 466, in execute
    rec.execute(self)
  File "/Users/sabareesh/Library/Python/3.9/lib/python/site-packages/sqlalchemy/orm/unitofwork.py", line 642, in execute
    util.preloaded.orm_persistence.save_obj(
  File "/Users/sabareesh/Library/Python/3.9/lib/python/site-packages/sqlalchemy/orm/persistence.py", line 93, in save_obj
    _emit_insert_statements(
  File "/Users/sabareesh/Library/Python/3.9/lib/python/site-packages/sqlalchemy/orm/persistence.py", line 1233, in _emit_insert_statements
    result = connection.execute(
  File "/Users/sabareesh/Library/Python/3.9/lib/python/site-packages/sqlalchemy/engine/base.py", line 1419, in execute
    return meth(
  File "/Users/sabareesh/Library/Python/3.9/lib/python/site-packages/sqlalchemy/sql/elements.py", line 526, in _execute_on_connection
    return connection._execute_clauseelement(
  File "/Users/sabareesh/Library/Python/3.9/lib/python/site-packages/sqlalchemy/engine/base.py", line 1641, in _execute_clauseelement
    ret = self._execute_context(
  File "/Users/sabareesh/Library/Python/3.9/lib/python/site-packages/sqlalchemy/engine/base.py", line 1846, in _execute_context
    return self._exec_single_context(
  File "/Users/sabareesh/Library/Python/3.9/lib/python/site-packages/sqlalchemy/engine/base.py", line 1986, in _exec_single_context
    self._handle_dbapi_exception(
  File "/Users/sabareesh/Library/Python/3.9/lib/python/site-packages/sqlalchemy/engine/base.py", line 2355, in _handle_dbapi_exception
    raise sqlalchemy_exception.with_traceback(exc_info[2]) from e
  File "/Users/sabareesh/Library/Python/3.9/lib/python/site-packages/sqlalchemy/engine/base.py", line 1967, in _exec_single_context
    self.dialect.do_execute(
  File "/Users/sabareesh/Library/Python/3.9/lib/python/site-packages/sqlalchemy/engine/default.py", line 951, in do_execute
    cursor.execute(statement, parameters)
sqlalchemy.exc.IntegrityError: (sqlite3.IntegrityError) NOT NULL constraint failed: feedback.news_item_id
[SQL: INSERT INTO feedback (news_item_id, liked, created_at) VALUES (?, ?, ?)]
[parameters: (None, None, '2025-12-06 18:34:53.909826')]
(Background on this error at: https://sqlalche.me/e/20/gkpj)
INFO:     127.0.0.1:55328 - "GET /news?agency=MND HTTP/1.1" 200 OK
INFO:     127.0.0.1:55328 - "GET /news?agency=BCA HTTP/1.1" 200 OK
INFO:     127.0.0.1:55328 - "GET /news HTTP/1.1" 200 OK
INFO:     127.0.0.1:55328 - "GET /stats?impact=All HTTP/1.1" 200 OK
INFO:     127.0.0.1:55328 - "GET /stats?impact=All HTTP/1.1" 200 OK
INFO:     127.0.0.1:55465 - "GET /stats?impact=All HTTP/1.1" 200 OK
INFO:     127.0.0.1:55465 - "GET /stats?impact=All HTTP/1.1" 200 OK
INFO:     127.0.0.1:55849 - "GET /stats?impact=All HTTP/1.1" 200 OK
INFO:     127.0.0.1:55849 - "GET /stats?impact=All HTTP/1.1" 200 OK
INFO:     127.0.0.1:55849 - "GET /stats?impact=High HTTP/1.1" 200 OK
INFO:     127.0.0.1:55849 - "GET /stats?impact=Medium HTTP/1.1" 200 OK
INFO:     127.0.0.1:55849 - "GET /stats?impact=Low HTTP/1.1" 200 OK
INFO:     127.0.0.1:55849 - "GET /stats?impact=High HTTP/1.1" 200 OK
INFO:     127.0.0.1:55849 - "GET /stats?impact=All HTTP/1.1" 200 OK
INFO:     127.0.0.1:55861 - "GET /stats?impact=High HTTP/1.1" 200 OK
INFO:     127.0.0.1:55861 - "GET /stats?impact=Medium HTTP/1.1" 200 OK
INFO:     127.0.0.1:55861 - "GET /stats?impact=All HTTP/1.1" 200 OK
INFO:     127.0.0.1:55967 - "GET /stats?impact=All HTTP/1.1" 200 OK
INFO:     127.0.0.1:55967 - "GET /stats?impact=All HTTP/1.1" 200 OK
INFO:     127.0.0.1:56174 - "GET /news HTTP/1.1" 200 OK
INFO:     127.0.0.1:56174 - "GET /news HTTP/1.1" 200 OK
INFO:     127.0.0.1:56180 - "GET /stats?impact=All HTTP/1.1" 200 OK
INFO:     127.0.0.1:56180 - "GET /stats?impact=All HTTP/1.1" 200 OK
INFO:     127.0.0.1:56272 - "GET /news HTTP/1.1" 200 OK
INFO:     127.0.0.1:56272 - "GET /news HTTP/1.1" 200 OK
INFO:     127.0.0.1:56307 - "GET /news HTTP/1.1" 200 OK
INFO:     127.0.0.1:56307 - "GET /news HTTP/1.1" 200 OK
INFO:     127.0.0.1:56347 - "GET /news HTTP/1.1" 200 OK
INFO:     127.0.0.1:56347 - "GET /news HTTP/1.1" 200 OK
INFO:     127.0.0.1:56405 - "OPTIONS /search HTTP/1.1" 200 OK
/Users/sabareesh/Library/Python/3.9/lib/python/site-packages/sklearn/utils/extmath.py:203: RuntimeWarning: divide by zero encountered in matmul
  ret = a @ b
/Users/sabareesh/Library/Python/3.9/lib/python/site-packages/sklearn/utils/extmath.py:203: RuntimeWarning: overflow encountered in matmul
  ret = a @ b
/Users/sabareesh/Library/Python/3.9/lib/python/site-packages/sklearn/utils/extmath.py:203: RuntimeWarning: invalid value encountered in matmul
  ret = a @ b
Loading Vector Model (all-MiniLM-L6-v2)...
Vector Model Loaded.
Vector Index Stale or Mismatch. Re-indexing...
Indexing 19 items for vector search...
Indexing Complete.
INFO:     127.0.0.1:56405 - "POST /search HTTP/1.1" 200 OK
/Users/sabareesh/Library/Python/3.9/lib/python/site-packages/sklearn/utils/extmath.py:203: RuntimeWarning: divide by zero encountered in matmul
  ret = a @ b
/Users/sabareesh/Library/Python/3.9/lib/python/site-packages/sklearn/utils/extmath.py:203: RuntimeWarning: overflow encountered in matmul
  ret = a @ b
/Users/sabareesh/Library/Python/3.9/lib/python/site-packages/sklearn/utils/extmath.py:203: RuntimeWarning: invalid value encountered in matmul
  ret = a @ b
Not enough local vector results, trying Web Search...
Searching for: dpm speech
INFO:     127.0.0.1:56407 - "POST /search HTTP/1.1" 200 OK
INFO:     127.0.0.1:56526 - "GET /news HTTP/1.1" 200 OK
INFO:     127.0.0.1:56526 - "GET /news HTTP/1.1" 200 OK
INFO:     127.0.0.1:56543 - "GET /news HTTP/1.1" 200 OK
INFO:     127.0.0.1:56543 - "GET /news HTTP/1.1" 200 OK
INFO:     127.0.0.1:56545 - "GET /stats?impact=All HTTP/1.1" 200 OK
INFO:     127.0.0.1:56545 - "GET /stats?impact=All HTTP/1.1" 200 OK
INFO:     127.0.0.1:56561 - "GET /stats?impact=All HTTP/1.1" 200 OK
INFO:     127.0.0.1:56561 - "GET /stats?impact=All HTTP/1.1" 200 OK
INFO:     127.0.0.1:56566 - "OPTIONS /feedback HTTP/1.1" 200 OK
INFO:     127.0.0.1:56566 - "POST /feedback HTTP/1.1" 200 OK
INFO:     127.0.0.1:56566 - "POST /feedback HTTP/1.1" 200 OK
INFO:     127.0.0.1:56566 - "POST /feedback HTTP/1.1" 200 OK
INFO:     127.0.0.1:56566 - "POST /feedback HTTP/1.1" 200 OK
INFO:     127.0.0.1:56566 - "POST /feedback HTTP/1.1" 200 OK
INFO:     127.0.0.1:56566 - "POST /feedback HTTP/1.1" 200 OK
INFO:     127.0.0.1:56566 - "POST /feedback HTTP/1.1" 200 OK
INFO:     127.0.0.1:56566 - "POST /feedback HTTP/1.1" 200 OK
INFO:     127.0.0.1:56566 - "POST /feedback HTTP/1.1" 200 OK
INFO:     127.0.0.1:56566 - "POST /feedback HTTP/1.1" 200 OK
INFO:     127.0.0.1:56566 - "POST /feedback HTTP/1.1" 200 OK
INFO:     127.0.0.1:56566 - "POST /feedback HTTP/1.1" 200 OK
INFO:     127.0.0.1:56566 - "POST /feedback HTTP/1.1" 200 OK
INFO:     127.0.0.1:56566 - "POST /feedback HTTP/1.1" 200 OK
INFO:     127.0.0.1:56566 - "POST /feedback HTTP/1.1" 200 OK
INFO:     127.0.0.1:56566 - "POST /feedback HTTP/1.1" 200 OK
INFO:     127.0.0.1:56566 - "POST /feedback HTTP/1.1" 200 OK
INFO:     127.0.0.1:56566 - "POST /feedback HTTP/1.1" 200 OK
INFO:     127.0.0.1:56566 - "POST /feedback HTTP/1.1" 200 OK
INFO:     127.0.0.1:56568 - "GET /news HTTP/1.1" 200 OK
INFO:     127.0.0.1:56568 - "GET /news HTTP/1.1" 200 OK
INFO:     127.0.0.1:56568 - "POST /feedback HTTP/1.1" 200 OK
INFO:     127.0.0.1:56568 - "GET /news HTTP/1.1" 200 OK
INFO:     127.0.0.1:56568 - "GET /news HTTP/1.1" 200 OK
INFO:     127.0.0.1:56647 - "GET /news HTTP/1.1" 200 OK
INFO:     127.0.0.1:56724 - "GET /news HTTP/1.1" 200 OK
INFO:     127.0.0.1:56724 - "GET /news HTTP/1.1" 200 OK
INFO:     127.0.0.1:56739 - "GET /news HTTP/1.1" 200 OK
INFO:     127.0.0.1:56739 - "GET /news HTTP/1.1" 200 OK
INFO:     127.0.0.1:56739 - "GET /stats?impact=All HTTP/1.1" 200 OK
INFO:     127.0.0.1:56739 - "GET /stats?impact=All HTTP/1.1" 200 OK
INFO:     127.0.0.1:56739 - "GET /stats?impact=All HTTP/1.1" 200 OK
INFO:     127.0.0.1:56739 - "GET /stats?impact=All HTTP/1.1" 200 OK
INFO:     127.0.0.1:56739 - "GET /stats?impact=Medium HTTP/1.1" 200 OK
INFO:     127.0.0.1:56739 - "GET /stats?impact=High HTTP/1.1" 200 OK
INFO:     127.0.0.1:56739 - "GET /stats?impact=Medium HTTP/1.1" 200 OK
INFO:     127.0.0.1:56764 - "OPTIONS /search HTTP/1.1" 200 OK
/Users/sabareesh/Library/Python/3.9/lib/python/site-packages/sklearn/utils/extmath.py:203: RuntimeWarning: divide by zero encountered in matmul
  ret = a @ b
/Users/sabareesh/Library/Python/3.9/lib/python/site-packages/sklearn/utils/extmath.py:203: RuntimeWarning: overflow encountered in matmul
  ret = a @ b
/Users/sabareesh/Library/Python/3.9/lib/python/site-packages/sklearn/utils/extmath.py:203: RuntimeWarning: invalid value encountered in matmul
  ret = a @ b
Not enough local vector results, trying Web Search...
Searching for: tax
INFO:     127.0.0.1:56764 - "POST /search HTTP/1.1" 200 OK
/Users/sabareesh/Library/Python/3.9/lib/python/site-packages/sklearn/utils/extmath.py:203: RuntimeWarning: divide by zero encountered in matmul
  ret = a @ b
/Users/sabareesh/Library/Python/3.9/lib/python/site-packages/sklearn/utils/extmath.py:203: RuntimeWarning: overflow encountered in matmul
  ret = a @ b
/Users/sabareesh/Library/Python/3.9/lib/python/site-packages/sklearn/utils/extmath.py:203: RuntimeWarning: invalid value encountered in matmul
  ret = a @ b
Not enough local vector results, trying Web Search...
Searching for: billion
INFO:     127.0.0.1:56778 - "POST /search HTTP/1.1" 200 OK
INFO:     127.0.0.1:57018 - "GET /news HTTP/1.1" 200 OK
INFO:     127.0.0.1:57018 - "GET /news HTTP/1.1" 200 OK
INFO:     127.0.0.1:57020 - "GET /news HTTP/1.1" 200 OK
INFO:     127.0.0.1:57020 - "GET /news HTTP/1.1" 200 OK
INFO:     127.0.0.1:57036 - "POST /scan HTTP/1.1" 200 OK
Running scheduled scrape...
Fetching RSS: The Straits Times
Fetching RSS: The Straits Times
Fetching RSS: CNA
Fetching RSS: CNA
Backfilling 30-day history for whitelist sources...
  -> Running Backfill Query 1...
  -> Running Backfill Query 2...
INFO:     127.0.0.1:57036 - "GET /news HTTP/1.1" 200 OK
  -> Running Backfill Query 3...
  -> Running Backfill Query 4...
  -> Running Backfill Query 5...
  -> Running Backfill Query 6...
  -> Running Backfill Query 7...
  -> Running Backfill Query 8...
Scraped 31 items. Added 1, Updated 0.
INFO:     127.0.0.1:57083 - "GET /news HTTP/1.1" 200 OK
INFO:     127.0.0.1:57083 - "GET /news HTTP/1.1" 200 OK
INFO:     127.0.0.1:57129 - "GET /news HTTP/1.1" 200 OK
INFO:     127.0.0.1:57129 - "GET /news HTTP/1.1" 200 OK
INFO:     127.0.0.1:57161 - "GET /news HTTP/1.1" 200 OK
INFO:     127.0.0.1:57161 - "GET /news HTTP/1.1" 200 OK
INFO:     127.0.0.1:57180 - "GET /news HTTP/1.1" 200 OK
INFO:     127.0.0.1:57180 - "GET /news HTTP/1.1" 200 OK
/Library/Developer/CommandLineTools/Library/Frameworks/Python3.framework/Versions/3.9/lib/python3.9/multiprocessing/resource_tracker.py:216: UserWarning: resource_tracker: There appear to be 1 leaked semaphore objects to clean up at shutdown
  warnings.warn('resource_tracker: There appear to be %d '
